<?xml version="1.0" encoding="UTF-8" standalone="no"?>
<testng-results failed="1" passed="2" skipped="0" total="3">
    <suite duration-ms="54447" name="io.cucumber.core.plugin.TestNGFormatter">
        <test duration-ms="54447" name="io.cucumber.core.plugin.TestNGFormatter">
            <class name="Search for product">
                <test-method duration-ms="23327" finished-at="2022-08-29T04:33:33.264172200Z" name="Search for an product" started-at="2022-08-29T04:33:09.791380800Z" status="PASS"/>
            </class>
            <class name="Validate the login functionality">
                <test-method duration-ms="14693" finished-at="2022-08-29T04:33:48.111433700Z" name="Test login functionality" started-at="2022-08-29T04:33:33.407130700Z" status="FAIL">
                    <exception class="java.lang.AssertionError">
                        <message><![CDATA[Given When user open login page.............................................passed
When User login to application with "dineshkumar.icon.dk@gmail.com" and "Dinnu@4318" credentials.passed
Then Navigate to Home Page title as ""......................................failed
]]></message>
                        <full-stacktrace><![CDATA[java.lang.AssertionError: expected [] but found [My Account]
	at org.testng.Assert.fail(Assert.java:110)
	at org.testng.Assert.failNotEquals(Assert.java:1413)
	at org.testng.Assert.assertEqualsImpl(Assert.java:149)
	at org.testng.Assert.assertEquals(Assert.java:131)
	at org.testng.Assert.assertEquals(Assert.java:655)
	at org.testng.Assert.assertEquals(Assert.java:665)
	at com.blazeclan.qa.bdd.stepsdefinition.Login.navigateToHomePageTitleAs(Login.java:29)
	at âœ½.Navigate to Home Page title as ""(file:///D:/Framework/BlazeclanAutomationFramework/src/main/java/com/blazeclan/qa/bdd/features/Login.feature:7)
]]></full-stacktrace>
                    </exception>
                </test-method>
                <test-method duration-ms="15290" finished-at="2022-08-29T04:34:03.518072100Z" name="Search for an product" started-at="2022-08-29T04:33:48.219822800Z" status="PASS"/>
            </class>
        </test>
    </suite>
</testng-results>
